<?xml version="1.0" encoding="UTF-8"?>
<!-- Generated by org.testng.reporters.JUnitReportReporter -->
<testsuite hostname="DESKTOP-D8HST9O" name="script.InvalidLogin" tests="1" failures="0" timestamp="27 Dec 2017 04:02:09 GMT" time="11.516" errors="0">
  <testcase name="testInvalidLogin" time="11.516" classname="script.InvalidLogin"/>
</testsuite> <!-- script.InvalidLogin -->
