<?xml version="1.0" encoding="UTF-8"?>
<!-- Generated by org.testng.reporters.JUnitReportReporter -->
<testsuite hostname="DESKTOP-D8HST9O" name="script.InvalidLogin" tests="1" failures="0" timestamp="26 Dec 2017 06:21:39 GMT" time="6.058" errors="0">
  <testcase name="testInvalidLogin" time="6.058" classname="script.InvalidLogin"/>
</testsuite> <!-- script.InvalidLogin -->
