<?xml version="1.0" encoding="UTF-8"?>
<!-- Generated by org.testng.reporters.JUnitReportReporter -->
<testsuite hostname="DESKTOP-D8HST9O" name="script.ValidLogin" tests="1" failures="0" timestamp="26 Dec 2017 06:00:29 GMT" time="9.270" errors="0">
  <testcase name="testValidLogin" time="9.270" classname="script.ValidLogin"/>
</testsuite> <!-- script.ValidLogin -->
